<?xml version="1.0" encoding="UTF-8"?>
<!-- Generated by org.testng.reporters.JUnitReportReporter -->
<testsuite hostname="DESKTOP-RMQSN54" failures="0" tests="1" name="com.bridgelabz.webelementinterfacemethod.VerifyUNtextboxisEnabledinActitime" time="8.932" errors="0" timestamp="2022-09-01T14:19:16 IST" skipped="0">
  <testcase classname="com.bridgelabz.webelementinterfacemethod.VerifyUNtextboxisEnabledinActitime" name="verifyUNtextboxisEnabledinActitime" time="8.932"/>
  <system-out/>
</testsuite> <!-- com.bridgelabz.webelementinterfacemethod.VerifyUNtextboxisEnabledinActitime -->
