<?xml version="1.0" encoding="UTF-8"?>
<!-- Generated by org.testng.reporters.JUnitReportReporter -->
<testsuite hostname="DESKTOP-RMQSN54" failures="0" tests="1" name="com.bridgelabz.javaexecutor.ScrollDownBottomPage" time="10.905" errors="0" timestamp="2022-09-01T20:25:24 IST" skipped="0">
  <testcase classname="com.bridgelabz.javaexecutor.ScrollDownBottomPage" name="scrollDownBottomPage" time="10.905"/>
  <system-out/>
</testsuite> <!-- com.bridgelabz.javaexecutor.ScrollDownBottomPage -->
