<?xml version="1.0" encoding="UTF-8"?>
<!-- Generated by org.testng.reporters.JUnitReportReporter -->
<testsuite hostname="DESKTOP-RMQSN54" failures="0" tests="1" name="com.bridgelabz.locators.NameLocatorsDemo" time="35.336" errors="0" timestamp="2022-08-27T08:56:30 IST" skipped="0">
  <testcase classname="com.bridgelabz.locators.NameLocatorsDemo" name="relativeXPathRegistrationLocatorsDemo" time="35.336"/>
  <system-out/>
</testsuite> <!-- com.bridgelabz.locators.NameLocatorsDemo -->
