<?xml version="1.0" encoding="UTF-8"?>
<!-- Generated by org.testng.reporters.JUnitReportReporter -->
<testsuite hostname="DESKTOP-RMQSN54" failures="0" tests="1" name="com.bridgelabz.webelementinterfacemethod.EnterTextintoFocussedElement" time="8.484" errors="0" timestamp="2022-08-30T21:12:21 IST" skipped="0">
  <testcase classname="com.bridgelabz.webelementinterfacemethod.EnterTextintoFocussedElement" name="enterTextintoFocussedElement" time="8.484"/>
  <system-out/>
</testsuite> <!-- com.bridgelabz.webelementinterfacemethod.EnterTextintoFocussedElement -->
