<?xml version="1.0" encoding="UTF-8"?>
<!-- Generated by org.testng.reporters.JUnitReportReporter -->
<testsuite hostname="DESKTOP-RMQSN54" failures="0" tests="1" name="com.bridgelabz.webelementinterfacemethod.VerifyFB_UNandPWDfieldsAreAligned_intheSameRow" time="8.869" errors="0" timestamp="2022-09-01T14:13:46 IST" skipped="0">
  <testcase classname="com.bridgelabz.webelementinterfacemethod.VerifyFB_UNandPWDfieldsAreAligned_intheSameRow" name="verifyFB_UNandPWDfieldsAreAligned_intheSameRow" time="8.869"/>
  <system-out/>
</testsuite> <!-- com.bridgelabz.webelementinterfacemethod.VerifyFB_UNandPWDfieldsAreAligned_intheSameRow -->
