<?xml version="1.0" encoding="UTF-8"?>
<!-- Generated by org.testng.reporters.JUnitReportReporter -->
<testsuite hostname="DESKTOP-RMQSN54" failures="0" tests="1" name="com.bridgelabz.javaexecutor.ScrollUpandDown" time="55.313" errors="0" timestamp="2022-09-01T20:36:53 IST" skipped="0">
  <testcase classname="com.bridgelabz.javaexecutor.ScrollUpandDown" name="scrollUpandDown" time="55.313"/>
  <system-out/>
</testsuite> <!-- com.bridgelabz.javaexecutor.ScrollUpandDown -->
