<?xml version="1.0" encoding="UTF-8"?>
<!-- Generated by org.testng.reporters.JUnitReportReporter -->
<testsuite hostname="DESKTOP-RMQSN54" failures="0" tests="1" name="com.bridgelabz.webelementinterfacemethod.RemoveValuefromText_usingClearMethod" time="16.703" errors="0" timestamp="2022-09-01T13:31:18 IST" skipped="0">
  <testcase classname="com.bridgelabz.webelementinterfacemethod.RemoveValuefromText_usingClearMethod" name="removeValuefromText_usingClearMethod" time="16.703"/>
  <system-out/>
</testsuite> <!-- com.bridgelabz.webelementinterfacemethod.RemoveValuefromText_usingClearMethod -->
