<?xml version="1.0" encoding="UTF-8"?>
<!-- Generated by org.testng.reporters.JUnitReportReporter -->
<testsuite hostname="DESKTOP-RMQSN54" failures="0" tests="1" name="com.bridgelabz.webelementinterfacemethod.VerifyUNandPMDalignment" time="11.194" errors="0" timestamp="2022-08-30T20:28:59 IST" skipped="0">
  <testcase classname="com.bridgelabz.webelementinterfacemethod.VerifyUNandPMDalignment" name="verifyUNandPMDalignment" time="11.194"/>
  <system-out/>
</testsuite> <!-- com.bridgelabz.webelementinterfacemethod.VerifyUNandPMDalignment -->
