<?xml version="1.0" encoding="UTF-8"?>
<!-- Generated by org.testng.reporters.JUnitReportReporter -->
<testsuite hostname="DESKTOP-RMQSN54" failures="0" tests="1" name="com.bridgelabz.findingnumberoftags.FindingTagsWithSelenium" time="21.822" errors="0" timestamp="2022-09-01T15:59:58 IST" skipped="0">
  <testcase classname="com.bridgelabz.findingnumberoftags.FindingTagsWithSelenium" name="findTagByName" time="21.822"/>
  <system-out/>
</testsuite> <!-- com.bridgelabz.findingnumberoftags.FindingTagsWithSelenium -->
