<?xml version="1.0" encoding="UTF-8"?>
<!-- Generated by org.testng.reporters.JUnitReportReporter -->
<testsuite hostname="DESKTOP-RMQSN54" failures="0" tests="1" name="com.bridgelabz.webelementinterfacemethod.RunSeleniumCodeInDiffBrowser" time="30.249" errors="0" timestamp="2022-08-31T22:55:48 IST" skipped="0">
  <testcase classname="com.bridgelabz.webelementinterfacemethod.RunSeleniumCodeInDiffBrowser" name="runSeleniumCodeInDiffBrowser" time="30.249"/>
  <system-out/>
</testsuite> <!-- com.bridgelabz.webelementinterfacemethod.RunSeleniumCodeInDiffBrowser -->
