<?xml version="1.0" encoding="UTF-8"?>
<!-- Generated by org.testng.reporters.JUnitReportReporter -->
<testsuite hostname="DESKTOP-RMQSN54" failures="0" tests="1" name="com.bridgelabz.javaexecutor.EnterText_intoDisabledTextbox" time="17.478" errors="0" timestamp="2022-09-01T17:10:35 IST" skipped="0">
  <testcase classname="com.bridgelabz.javaexecutor.EnterText_intoDisabledTextbox" name="enterText_intoDisabledTextbox" time="17.478"/>
  <system-out/>
</testsuite> <!-- com.bridgelabz.javaexecutor.EnterText_intoDisabledTextbox -->
