<?xml version="1.0" encoding="UTF-8"?>
<!-- Generated by org.testng.reporters.JUnitReportReporter -->
<testsuite hostname="DESKTOP-RMQSN54" failures="0" tests="1" name="com.bridgelabz.javaexecutor.ScrollUpandDowntospecificElementonWebpage" time="11.342" errors="0" timestamp="2022-09-01T20:45:04 IST" skipped="0">
  <testcase classname="com.bridgelabz.javaexecutor.ScrollUpandDowntospecificElementonWebpage" name="scrollUpandDowntospecificElementonWebpage" time="11.342"/>
  <system-out/>
</testsuite> <!-- com.bridgelabz.javaexecutor.ScrollUpandDowntospecificElementonWebpage -->
