<?xml version="1.0" encoding="UTF-8"?>
<!-- Generated by org.testng.reporters.JUnitReportReporter -->
<testsuite hostname="DESKTOP-RMQSN54" failures="0" tests="1" name="com.bridgelabz.webelementinterfacemethod.VerifyActime_UNandPassword_HeightandWidth" time="8.214" errors="0" timestamp="2022-09-01T14:18:36 IST" skipped="0">
  <testcase classname="com.bridgelabz.webelementinterfacemethod.VerifyActime_UNandPassword_HeightandWidth" name="verifyActime_UNandPassword_HeightandWidth" time="8.214"/>
  <system-out/>
</testsuite> <!-- com.bridgelabz.webelementinterfacemethod.VerifyActime_UNandPassword_HeightandWidth -->
